Creating the input directory to hold all gene expression matrix files
mkdir: created directory '/media/lewis/New_Seagate_Drive_8TB/ruby/CMRP/sample/orthologs/expression_matrix/TPM_input/'
Taxonomy_code: RDmus, Dir: ../../sample/data/PRJNA252803/

bash: cd: ../../sample/data/PRJNA252803/: No such file or directory
No renamed file
    Reformating rsem-gene.gene.TPM.not_cross_norm to expression_matrix.gene.TPM

sed: can't read tmp.gene_TPM.matrix: No such file or directory
rm: cannot remove 'tmp.gene_TPM.matrix': No such file or directory
Moving to the input directory
'expression_matrix.gene.TPM' -> '/media/lewis/New_Seagate_Drive_8TB/ruby/CMRP/sample/orthologs/expression_matrix/TPM_input/expression_matrix.gene.TPM'

Check if the file is well - prepared in /media/lewis/New_Seagate_Drive_8TB/ruby/CMRP/sample/orthologs/expression_matrix/TPM_input/
No file named PRJNA252803.gene.TPM moved to input directory
Taxonomy_code: RDmus, Dir: ../../sample/data/PRJNA529794/

bash: cd: ../../sample/data/PRJNA529794/: No such file or directory
No renamed file
    Reformating rsem-gene.gene.TPM.not_cross_norm to TPM_input.gene.TPM

sed: can't read tmp.gene_TPM.matrix: No such file or directory
rm: cannot remove 'tmp.gene_TPM.matrix': No such file or directory
Moving to the input directory
cp: 'TPM_input.gene.TPM' and '/media/lewis/New_Seagate_Drive_8TB/ruby/CMRP/sample/orthologs/expression_matrix/TPM_input/TPM_input.gene.TPM' are the same file

Check if the file is well - prepared in /media/lewis/New_Seagate_Drive_8TB/ruby/CMRP/sample/orthologs/expression_matrix/TPM_input/
No file named PRJNA529794.gene.TPM moved to input directory
bash: expressionMX_input_dir_list: No such file or directory
