
================================ Start : ortho_stat() ================================
  ####################################################################################################################
  # ortho_stat()
  #   Returns some stats : 1. amount of all groups;
  #                        2. (run mannually) a table counting peptides from each project in each group
  #                        3. a table of unclustered/clustered peptides sequences for each project
  #   Input: './output/groups/groups.txt'; './input/*_pep.fasta'; './analyze/orgin_${sp_name%_pep}.lst'; './analyze/clustered_${sp_name%_pep}.lst'; './analyze/unclustered_${sp_name%_pep}.lst'
  #   Require: mannually run with 'section2.2.1_counts-generator.sh'
  #   Output: './output/groups/groups.counts.txt', './analyze/cluster.stat'
  ####################################################################################################################
Path : /media/lewis/New_Seagate_Drive_8TB/ruby/CMRP/sample/orthologs
Taxonomy Group Name : orthologs

Total clustering groups : 64420

Amount Of Species : 2

SPECIES 1  Name : PRJNA252803

SPECIES 1  total pep sequences : 12566

SPECIES 1  clustered pep sequences : 10610

SPECIES 1  unclustered pep sequences : 1956

SPECIES 2  Name : PRJNA529794

SPECIES 2  total pep sequences : 120773

SPECIES 2  clustered pep sequences : 74000

SPECIES 2  unclustered pep sequences : 46773


================================ End : ortho_stat() ================================

