
================================ Start : ortho_perg_seq() ================================
  ####################################################################################################################
  # ortho_perg_seq()
  #
  #   Input: 'analyze/allsp_groups.txt'
  #   Require: have had a folder under the current directory- './analyze/stat/'
  #   Output: './analyze/per_group/'
  ####################################################################################################################
group_1
group_2
group_4
group_5
group_6
group_7
group_8
group_9
group_10
group_11
group_12
group_13
group_14
group_15
group_16
group_17
group_18
group_19
group_20
group_21
group_25
group_26
group_27
group_28
group_32
group_33
group_34
group_35
group_36
group_37
group_38
group_39
group_40
group_41
group_42
group_43
group_44
group_45
group_46
group_47
group_48
group_50
group_52
group_53
group_54
group_56
group_57
group_58
group_59
group_60
group_61
group_62
group_63
group_64
group_66
group_67
group_69
group_70
group_71
group_72
group_73
group_74
group_75
group_77
group_79
group_81
group_82
group_84
group_85
group_86
group_88
group_89
group_90
group_91
group_92
group_93
group_95
group_96
group_97
group_98
group_99
group_100
group_101
group_102
group_103
group_104
group_107
group_108
group_109
group_110
group_111
group_112
group_114
group_115
group_116
group_117
group_118
group_120
group_123
group_124
group_125
group_126
group_127
group_128
group_132
group_133
group_134
group_135
group_138
group_139
group_140
group_141
group_142
group_143
group_144
group_148
group_149
group_150
group_151
group_152
group_155
group_156
group_157
group_158
group_159
group_160
group_161
group_162
group_163
group_164
group_165
group_166
group_167
group_168
group_170
group_171
group_172
group_173
group_174
group_175
group_179
group_180
group_181
group_182
group_183
group_184
group_186
group_187
group_188
group_189
group_190
group_191
group_192
group_193
group_197
group_198
group_199
group_200
group_201
group_202
group_204
group_205
group_206
group_207
group_208
group_210
group_211
group_212
group_213
group_214
group_215
group_216
group_217
group_218
group_219
group_222
group_223
group_224
group_225
group_226
group_227
group_228
group_229
group_230
group_231
group_232
group_233
group_234
group_237
group_238
group_239
group_240
group_241
group_242
group_243
group_244
group_250
group_251
group_252
group_253
group_254
group_255
group_259
group_260
group_261
group_262
group_263
group_264
group_265
group_266
group_269
group_270
group_271
group_272
group_273
group_274
group_275
group_276
group_277
group_278
group_280
group_287
group_288
group_289
group_290
group_291
group_292
group_293
group_294
group_295
group_296
group_299
group_300
group_301
group_302
group_303
group_304
group_305
group_306
group_307
group_308
group_309
group_310
group_311
group_318
group_319
group_320
group_321
group_322
group_323
group_324
group_330
group_331
group_332
group_333
group_334
group_335
group_336
group_337
group_338
group_339
group_340
group_341
group_342
group_343
group_344
group_345
group_346
group_347
group_348
group_349
group_350
group_351
group_352
group_353
group_354
group_361
group_362
group_363
group_364
group_365
group_366
group_367
group_368
group_369
group_370
group_371
group_372
group_373
group_374
group_375
group_376
group_377
group_378
group_380
group_381
group_383
group_392
group_393
group_394
group_395
group_396
group_397
group_398
group_399
group_400
group_401
group_402
group_403
group_404
group_405
group_411
group_412
group_413
group_414
group_415
group_416
group_417
group_418
group_419
group_420
group_421
group_422
group_423
group_424
group_425
group_426
group_427
group_428
group_429
group_430
group_431
group_432
group_440
group_441
group_442
group_443
group_444
group_445
group_446
group_447
group_448
group_449
group_450
group_451
group_452
group_453
group_454
group_455
group_456
group_457
group_458
group_459
group_467
group_468
group_469
group_470
group_471
group_472
group_473
group_474
group_475
group_476
group_477
group_478
group_479
group_480
group_481
group_482
group_483
group_484
group_485
group_486
group_487
group_488
group_489
group_490
group_501
group_502
group_503
group_504
group_505
group_506
group_507
group_508
group_509
group_510
group_511
group_512
group_513
group_514
group_515
group_516
group_517
group_518
group_519
group_528
group_529
group_530
group_531
group_532
group_533
group_534
group_535
group_536
group_537
group_538
group_539
group_540
group_541
group_542
group_543
group_545
group_546
group_547
group_548
group_549
group_550
group_551
group_552
group_553
group_554
group_555
group_556
group_557
group_558
group_559
group_560
group_561
group_575
group_576
group_577
group_578
group_579
group_580
group_581
group_582
group_583
group_584
group_585
group_586
group_587
group_588
group_589
group_590
group_591
group_592
group_593
group_594
group_595
group_596
group_597
group_598
group_599
group_606
group_607
group_608
group_609
group_610
group_611
group_612
group_613
group_614
group_615
group_616
group_617
group_618
group_619
group_620
group_621
group_622
group_623
group_624
group_625
group_626
group_627
group_628
group_644
group_645
group_646
group_647
group_649
group_650
group_651
group_652
group_653
group_654
group_655
group_656
group_657
group_658
group_659
group_660
group_662
group_663
group_664
group_665
group_666
group_667
group_668
group_669
group_670
group_689
group_690
group_691
group_692
group_693
group_694
group_695
group_696
group_697
group_698
group_699
group_700
group_701
group_702
group_703
group_704
group_705
group_706
group_707
group_718
group_719
group_720
group_721
group_722
group_723
group_724
group_725
group_726
group_727
group_728
group_729
group_730
group_731
group_732
group_733
group_734
group_735
group_736
group_737
group_738
group_739
group_740
group_742
group_743
group_744
group_745
group_746
group_768
group_769
group_770
group_771
group_772
group_773
group_774
group_775
group_776
group_777
group_778
group_779
group_780
group_781
group_782
group_783
group_784
group_785
group_786
group_787
group_788
group_789
group_790
group_791
group_793
group_794
group_795
group_796
group_797
group_798
group_799
group_800
group_801
group_802
group_803
group_804
group_805
group_806
group_807
group_808
group_809
group_810
group_811
group_837
group_838
group_839
group_840
group_841
group_842
group_843
group_844
group_845
group_846
group_847
group_848
group_849
group_850
group_851
group_852
group_853
group_854
group_855
group_856
group_857
group_858
group_859
group_860
group_861
group_862
group_863
group_865
group_866
group_867
group_868
group_869
group_870
group_871
group_872
group_873
group_890
group_891
group_892
group_893
group_894
group_895
group_896
group_897
group_898
group_899
group_900
group_901
group_902
group_903
group_904
group_905
group_906
group_907
group_908
group_909
group_910
group_911
group_912
group_913
group_914
group_915
group_917
group_918
group_919
group_941
group_942
group_943
group_944
group_945
group_946
group_947
group_948
group_949
group_951
group_952
group_953
group_954
group_955
group_956
group_957
group_958
group_959
group_960
group_961
group_962
group_963
group_964
group_965
group_966
group_968
group_969
group_970
group_971
group_972
group_973
group_974
group_975
group_976
group_977
group_978
group_979
group_1011
group_1012
group_1013
group_1014
group_1015
group_1016
group_1017
group_1018
group_1019
group_1020
group_1021
group_1022
group_1023
group_1024
group_1026
group_1027
group_1028
group_1029
group_1030
group_1031
group_1032
group_1033
group_1034
group_1035
group_1036
group_1037
group_1038
group_1039
group_1040
group_1042
group_1043
group_1044
group_1045
group_1046
group_1048
group_1049
group_1050
group_1080
group_1081
group_1082
group_1083
group_1084
group_1085
group_1086
group_1087
group_1088
group_1089
group_1090
group_1091
group_1092
group_1093
group_1094
group_1095
group_1096
group_1097
group_1098
group_1099
group_1100
group_1101
group_1102
group_1103
group_1104
group_1105
group_1106
group_1107
group_1108
group_1109
group_1110
group_1111
group_1112
group_1113
group_1114
group_1115
group_1116
group_1117
group_1118
group_1119
group_1120
group_1121
group_1122
group_1123
group_1124
group_1125
group_1126
group_1146
group_1147
group_1148
group_1149
group_1150
group_1151
group_1152
group_1153
group_1154
group_1155
group_1156
group_1157
group_1158
group_1159
group_1160
group_1161
group_1162
group_1163
group_1164
group_1166
group_1167
group_1168
group_1169
group_1170
group_1171
group_1172
group_1173
group_1174
group_1175
group_1176
group_1177
group_1178
group_1179
group_1180
group_1181
group_1183
group_1184
group_1185
group_1187
group_1188
group_1189
group_1190
group_1191
group_1192
group_1193
group_1194
group_1195
group_1196
group_1197
group_1198
group_1199
group_1200
group_1201
group_1202
group_1244
group_1245
group_1246
group_1247
group_1248
group_1249
group_1250
group_1251
group_1252
group_1253
group_1254
group_1255
group_1256
group_1257
group_1258
group_1259
group_1260
group_1261
group_1262
group_1263
group_1264
group_1265
group_1266
group_1267
group_1268
group_1269
group_1270
group_1271
group_1272
group_1273
group_1274
group_1275
group_1277
group_1278
group_1279
group_1280
group_1281
group_1282
group_1283
group_1284
group_1285
group_1286
group_1287
group_1288
group_1289
group_1290
group_1291
group_1292
group_1293
group_1294
group_1295
group_1296
group_1297
group_1298
group_1299
group_1300
group_1301
group_1302
group_1303
group_1304
group_1305
group_1306
group_1307
group_1308
group_1309
group_1358
group_1360
group_1361
group_1362
group_1363
group_1364
group_1366
group_1367
group_1368
group_1369
group_1370
group_1371
group_1372
group_1373
group_1374
group_1375
group_1376
group_1377
group_1378
group_1379
group_1380
group_1381
group_1382
group_1383
group_1384
group_1385
group_1386
group_1387
group_1388
group_1389
group_1390
group_1391
group_1392
group_1393
group_1394
group_1395
group_1396
group_1397
group_1398
group_1399
group_1401
group_1402
group_1403
group_1404
group_1405
group_1406
group_1458
group_1459
group_1460
group_1461
group_1462
group_1463
group_1464
group_1465
group_1466
group_1467
group_1468
group_1469
group_1470
group_1471
group_1473
group_1474
group_1475
group_1476
group_1477
group_1478
group_1479
group_1480
group_1481
group_1482
group_1483
group_1484
group_1485
group_1486
group_1487
group_1488
group_1489
group_1490
group_1491
group_1492
group_1493
group_1494
group_1495
group_1496
group_1497
group_1498
group_1499
group_1500
group_1501
group_1502
group_1503
group_1504
group_1505
group_1506
group_1508
group_1509
group_1510
group_1511
group_1555
group_1556
group_1557
group_1558
group_1559
group_1560
group_1561
group_1562
group_1563
group_1564
group_1566
group_1567
group_1568
group_1569
group_1570
group_1571
group_1572
group_1573
group_1574
group_1575
group_1576
group_1577
group_1578
group_1579
group_1580
group_1581
group_1582
group_1583
group_1584
group_1585
group_1586
group_1587
group_1588
group_1589
group_1590
group_1591
group_1592
group_1593
group_1594
group_1595
group_1596
group_1597
group_1599
group_1600
group_1601
group_1602
group_1603
group_1604
group_1605
group_1606
group_1607
group_1608
group_1609
group_1610
group_1611
group_1612
group_1613
group_1614
group_1615
group_1616
group_1618
group_1619
group_1620
group_1621
group_1667
group_1668
group_1669
group_1670
group_1671
group_1672
group_1673
group_1674
group_1675
group_1676
group_1677
group_1678
group_1679
group_1681
group_1684
group_1685
group_1686
group_1687
group_1688
group_1689
group_1690
group_1691
group_1692
group_1693
group_1694
group_1695
group_1696
group_1697
group_1698
group_1699
group_1700
group_1701
group_1702
group_1703
group_1704
group_1705
group_1706
group_1708
group_1709
group_1710
group_1711
group_1712
group_1713
group_1714
group_1715
group_1716
group_1717
group_1718
group_1719
group_1720
group_1721
group_1722
group_1723
group_1724
group_1725
group_1726
group_1727
group_1728
group_1729
group_1730
group_1732
group_1733
group_1734
group_1735
group_1736
group_1738
group_1739
group_1740
group_1742
group_1743
group_1744
group_1745
group_1746
group_1747
group_1748
group_1749
group_1750
group_1751
group_1752
group_1753
group_1754
group_1755
group_1756
group_1758
group_1759
group_1760
group_1761
group_1832
group_1833
group_1834
group_1835
group_1836
group_1837
group_1838
group_1839
group_1840
group_1841
group_1842
group_1843
group_1844
group_1845
group_1846
group_1847
group_1848
group_1849
group_1850
group_1851
group_1852
group_1853
group_1854
group_1856
group_1857
group_1858
group_1859
group_1860
group_1861
group_1862
group_1863
group_1864
group_1865
group_1866
group_1867
group_1868
group_1869
group_1870
group_1871
group_1872
group_1873
group_1874
group_1875
group_1876
group_1877
group_1878
group_1879
group_1880
group_1881
group_1882
group_1883
group_1884
group_1885
group_1886
group_1887
group_1888
group_1889
group_1890
group_1891
group_1892
group_1893
group_1894
group_1895
group_1896
group_1897
group_1898
group_1899
group_1900
group_1901
group_1902
group_1903
group_1904
group_1905
group_1906
group_1907
group_1908
group_1909
group_1911
group_1912
group_1913
group_1914
group_1915
group_1916
group_1917
group_1918
group_1920
group_1921
group_1922
group_1923
group_1924
group_1925
group_1926
group_1927
group_1928
group_1929
group_1930
group_1932
group_1933
group_2017
group_2018
group_2019
group_2020
group_2021
group_2022
group_2023
group_2024
group_2025
group_2026
group_2027
group_2028
group_2029
group_2030
group_2031
group_2032
group_2033
group_2034
group_2035
group_2036
group_2037
group_2038
group_2040
group_2041
group_2042
group_2043
group_2044
group_2045
group_2046
group_2047
group_2048
group_2049
group_2050
group_2051
group_2052
group_2053
group_2054
group_2055
group_2056
group_2057
group_2058
group_2059
group_2060
group_2061
group_2062
group_2063
group_2064
group_2065
group_2066
group_2067
group_2068
group_2069
group_2070
group_2071
group_2072
group_2073
group_2074
group_2075
group_2076
group_2077
group_2078
group_2079
group_2080
group_2081
group_2083
group_2084
group_2085
group_2086
group_2087
group_2088
group_2089
group_2090
group_2091
group_2092
group_2093
group_2094
group_2095
group_2096
group_2097
group_2098
group_2099
group_2100
group_2101
group_2103
group_2104
group_2105
group_2106
group_2107
group_2108
group_2109
group_2110
group_2111
group_2112
group_2113
group_2114
group_2115
group_2116
group_2117
group_2118
group_2119
group_2194
group_2195
group_2197
group_2198
group_2199
group_2200
group_2201
group_2202
group_2203
group_2204
group_2205
group_2206
group_2207
group_2208
group_2209
group_2210
group_2211
group_2212
group_2213
group_2214
group_2215
group_2216
group_2217
group_2218
group_2219
group_2220
group_2221
group_2222
group_2223
group_2224
group_2225
group_2226
group_2227
group_2228
group_2229
group_2230
group_2231
group_2232
group_2233
group_2234
group_2235
group_2236
group_2237
group_2238
group_2239
group_2240
group_2241
group_2242
group_2243
group_2245
group_2246
group_2247
group_2248
group_2249
group_2250
group_2251
group_2252
group_2253
group_2254
group_2255
group_2256
group_2257
group_2258
group_2259
group_2260
group_2261
group_2262
group_2263
group_2264
group_2265
group_2266
group_2267
group_2268
group_2269
group_2270
group_2271
group_2272
group_2273
group_2274
group_2275
group_2277
group_2278
group_2279
group_2280
group_2281
group_2283
group_2284
group_2285
group_2286
group_2287
group_2288
group_2289
group_2290
group_2291
group_2292
group_2293
group_2294
group_2295
group_2296
group_2297
group_2298
group_2299
group_2300
group_2301
group_2302
group_2303
group_2304
group_2306
group_2307
group_2309
group_2398
group_2399
group_2400
group_2401
group_2402
group_2403
group_2404
group_2405
group_2406
group_2407
group_2409
group_2410
group_2411
group_2412
group_2413
group_2414
group_2415
group_2416
group_2417
group_2419
group_2420
group_2421
group_2422
group_2423
group_2424
group_2425
group_2426
group_2428
group_2429
group_2430
group_2431
group_2432
group_2433
group_2434
group_2436
group_2437
group_2438
group_2439
group_2440
group_2441
group_2442
group_2443
group_2444
group_2445
group_2446
group_2447
group_2448
group_2449
group_2450
group_2451
group_2452
group_2453
group_2454
group_2455
group_2456
group_2457
group_2458
group_2459
group_2460
group_2461
group_2462
group_2463
group_2464
group_2465
group_2466
group_2467
group_2468
group_2469
group_2470
group_2471
group_2472
group_2473
group_2474
group_2475
group_2476
group_2477
group_2478
group_2479
group_2480
group_2482
group_2483
group_2484
group_2485
group_2486
group_2487
group_2488
group_2489
group_2490
group_2492
group_2493
group_2494
group_2495
group_2496
group_2497
group_2498
group_2499
group_2500
group_2501
group_2502
group_2503
group_2506
group_2507
group_2508
group_2509
group_2510
group_2511
group_2512
group_2513
group_2514
group_2515
group_2516
group_2517
group_2518
group_2519
group_2647
group_2648
group_2649
group_2650
group_2652
group_2653
group_2654
group_2655
group_2656
group_2657
group_2658
group_2659
group_2660
group_2661
group_2662
group_2663
group_2664
group_2665
group_2666
group_2667
group_2668
group_2669
group_2670
group_2671
group_2672
group_2673
group_2674
group_2675
group_2676
group_2677
group_2678
group_2679
group_2680
group_2681
group_2682
group_2683
group_2684
group_2685
group_2686
group_2687
group_2688
group_2689
group_2690
group_2691
group_2692
group_2693
group_2694
group_2695
group_2696
group_2697
group_2698
group_2699
group_2701
group_2702
group_2703
group_2704
group_2705
group_2706
group_2707
group_2708
group_2709
group_2711
group_2712
group_2713
group_2714
group_2715
group_2716
group_2717
group_2718
group_2719
group_2720
group_2721
group_2722
group_2724
group_2725
group_2726
group_2727
group_2728
group_2729
group_2730
group_2731
group_2732
group_2733
group_2734
group_2735
group_2736
group_2737
group_2738
group_2739
group_2740
group_2741
group_2742
group_2743
group_2745
group_2746
group_2747
group_2748
group_2749
group_2750
group_2751
group_2752
group_2753
group_2754
group_2755
group_2756
group_2759
group_2760
group_2761
group_2762
group_2763
group_2764
group_2765
group_2766
group_2767
group_2768
group_2769
group_2770
group_2771
group_2772
group_2773
group_2774
group_2775
group_2777
group_2778
group_2779
group_2780
group_2781
group_2782
group_2783
group_2784
group_2786
group_2788
group_2790
group_2927
group_2928
group_2929
group_2930
group_2931
group_2932
group_2933
group_2934
group_2935
group_2936
group_2937
group_2938
group_2939
group_2940
group_2941
group_2942
group_2943
group_2944
group_2945
group_2946
group_2947
group_2948
group_2949
group_2950
group_2951
group_2952
group_2953
group_2954
group_2955
group_2956
group_2957
group_2958
group_2959
group_2960
group_2961
group_2962
group_2963
group_2964
group_2965
group_2966
group_2967
group_2968
group_2969
group_2970
group_2971
group_2972
group_2973
group_2974
group_2975
group_2976
group_2977
group_2978
group_2979
group_2980
group_2982
group_2983
group_2984
group_2985
group_2986
group_2987
group_2988
group_2989
group_2990
group_2991
group_2992
group_2994
group_2995
group_2996
group_2997
group_2998
group_2999
group_3000
group_3001
group_3002
group_3003
group_3004
group_3005
group_3006
group_3007
group_3008
group_3009
group_3011
group_3012
group_3013
group_3014
group_3015
group_3016
group_3017
group_3018
group_3019
group_3020
group_3021
group_3022
group_3023
group_3024
group_3025
group_3026
group_3027
group_3028
group_3029
group_3030
group_3031
group_3032
group_3033
group_3034
group_3035
group_3036
group_3038
group_3039
group_3040
group_3041
group_3042
group_3043
group_3044
group_3045
group_3046
group_3047
group_3049
group_3050
group_3051
group_3052
group_3054
group_3056
group_3057
group_3058
group_3059
group_3061
group_3062
group_3063
group_3064
group_3065
group_3066
group_3067
group_3068
group_3069
group_3070
group_3071
group_3073
group_3074
group_3075
group_3076
group_3077
group_3078
group_3080
group_3081
group_3255
group_3256
group_3257
group_3258
group_3259
group_3260
group_3261
group_3262
group_3263
group_3264
group_3265
group_3266
group_3267
group_3268
group_3269
group_3270
group_3271
group_3272
group_3274
group_3275
group_3276
group_3277
group_3278
group_3279
group_3280
group_3281
group_3282
group_3283
group_3284
group_3285
group_3286
group_3287
group_3288
group_3289
group_3290
group_3291
group_3292
group_3293
group_3294
group_3295
group_3296
group_3297
group_3298
group_3299
group_3300
group_3301
group_3302
group_3303
group_3304
group_3305
group_3306
group_3307
group_3308
group_3309
group_3310
group_3311
group_3312
group_3313
group_3314
group_3316
group_3317
group_3318
group_3319
group_3320
group_3321
group_3322
group_3323
group_3324
group_3325
group_3327
group_3328
group_3329
group_3330
group_3331
group_3332
group_3333
group_3334
group_3335
group_3336
group_3337
group_3338
group_3339
group_3340
group_3341
group_3342
group_3343
group_3344
group_3345
group_3346
group_3347
group_3348
group_3349
group_3350
group_3351
group_3352
group_3353
group_3354
group_3355
group_3356
group_3357
group_3359
group_3360
group_3361
group_3362
group_3363
group_3364
group_3365
group_3366
group_3367
group_3368
group_3369
group_3370
group_3371
group_3372
group_3373
group_3375
group_3376
group_3377
group_3378
group_3379
group_3380
group_3381
group_3382
group_3383
group_3384
group_3385
group_3386
group_3387
group_3388
group_3389
group_3390
group_3392
group_3393
group_3394
group_3395
group_3396
group_3397
group_3398
group_3399
group_3400
group_3401
group_3402
group_3403
group_3404
group_3405
group_3406
group_3407
group_3408
group_3409
group_3410
group_3411
group_3412
group_3413
group_3414
group_3415
group_3416
group_3417
group_3418
group_3419
group_3420
group_3421
group_3422
group_3423
group_3424
group_3425
group_3426
group_3427
group_3428
group_3429
group_3430
group_3431
group_3432
group_3434
group_3628
group_3629
group_3630
group_3631
group_3632
group_3633
group_3634
group_3635
group_3636
group_3637
group_3638
group_3639
group_3640
group_3641
group_3642
group_3643
group_3644
group_3645
group_3646
group_3647
group_3648
group_3649
group_3650
group_3651
group_3652
group_3653
group_3654
group_3655
group_3656
group_3657
group_3658
group_3659
group_3660
group_3661
group_3662
group_3664
group_3665
group_3666
group_3667
group_3668
group_3669
group_3670
group_3672
group_3673
group_3674
group_3675
group_3676
group_3677
group_3678
group_3679
group_3680
group_3681
group_3682
group_3683
group_3684
group_3685
group_3686
group_3687
group_3688
group_3689
group_3690
group_3691
group_3692
group_3693
group_3694
group_3695
group_3696
group_3697
group_3698
group_3699
group_3700
group_3701
group_3702
group_3703
group_3705
group_3706
group_3707
group_3708
group_3709
group_3710
group_3711
group_3712
group_3713
group_3714
group_3715
group_3716
group_3717
group_3718
group_3719
group_3720
group_3721
group_3722
group_3723
group_3725
group_3726
group_3727
group_3728
group_3729
group_3730
group_3731
group_3732
group_3733
group_3734
group_3736
group_3737
group_3738
group_3739
group_3740
group_3741
group_3742
group_3743
group_3744
group_3746
group_3747
group_3748
group_3749
group_3750
group_3752
group_3753
group_3754
group_3755
group_3756
group_3757
group_3758
group_3759
group_3760
group_3761
group_3763
group_3764
group_3765
group_3766
group_3767
group_3768
group_3769
group_3770
group_3771
group_3772
group_3773
group_3774
group_3775
group_3776
group_3777
group_3778
group_3779
group_3781
group_3783
group_3784
group_3786
group_3787
group_3788
group_3790
group_3791
group_3792
group_3793
group_3794
group_3795
group_3797
group_3798
group_3799
group_3800
group_3801
group_3802
group_3803
group_3804
group_3805
group_3806
group_3807
group_3808
group_3809
group_3810
group_3811
group_3812
group_3813
group_3814
group_3815
group_3816
group_3817
group_3818
group_3819
group_3820
group_3821
group_3822
group_3823
group_3824
group_3825
group_4051
group_4052
group_4053
group_4054
group_4055
group_4056
group_4057
group_4058
group_4059
group_4060
group_4061
group_4062
group_4063
group_4064
group_4065
group_4066
group_4067
group_4068
group_4069
group_4070
group_4071
group_4072
group_4073
group_4074
group_4075
group_4076
group_4077
group_4078
group_4079
group_4080
group_4081
group_4082
group_4083
group_4084
group_4085
group_4086
group_4088
group_4089
group_4090
group_4091
group_4092
group_4093
group_4094
group_4095
group_4096
group_4097
group_4098
group_4099
group_4100
group_4101
group_4102
group_4103
group_4104
group_4105
group_4106
group_4107
group_4108
group_4109
group_4110
group_4111
group_4112
group_4113
group_4114
group_4115
group_4116
group_4117
group_4118
group_4119
group_4120
group_4121
group_4122
group_4123
group_4124
group_4125
group_4126
group_4127
group_4128
group_4129
group_4130
group_4131
group_4132
group_4133
group_4134
group_4135
group_4136
group_4137
group_4138
group_4139
group_4140
group_4141
group_4142
group_4143
group_4144
group_4145
group_4146
group_4147
group_4148
group_4149
group_4150
group_4151
group_4152
group_4154
group_4155
group_4156
group_4157
group_4158
group_4159
group_4160
group_4161
group_4162
group_4163
group_4164
group_4165
group_4166
group_4167
group_4168
group_4169
group_4170
group_4171
group_4172
group_4173
group_4174
group_4175
group_4176
group_4177
group_4178
group_4179
group_4180
group_4181
group_4182
group_4183
group_4184
group_4185
group_4186
group_4187
group_4188
group_4189
group_4190
group_4191
group_4192
group_4193
group_4194
group_4196
group_4197
group_4198
group_4199
group_4200
group_4201
group_4202
group_4203
group_4204
group_4205
group_4206
group_4207
group_4208
group_4209
group_4210
group_4211
group_4212
group_4213
group_4214
group_4215
group_4217
group_4218
group_4219
group_4220
group_4221
group_4222
group_4223
group_4224
group_4225
group_4226
group_4227
group_4228
group_4229
group_4230
group_4231
group_4232
group_4233
group_4234
group_4235
group_4236
group_4237
group_4238
group_4239
group_4240
group_4241
group_4242
group_4243
group_4244
group_4245
group_4246
group_4247
group_4248
group_4249
group_4250
group_4251
group_4252
group_4253
group_4254
group_4255
group_4256
group_4257
group_4258
group_4259
group_4260
group_4261
group_4553
group_4554
group_4555
group_4556
group_4557
group_4558
group_4559
group_4560
group_4561
group_4562
group_4563
group_4564
group_4565
group_4566
group_4567
group_4568
group_4569
group_4570
group_4571
group_4572
group_4573
group_4574
group_4575
group_4576
group_4577
group_4578
group_4579
group_4580
group_4581
group_4582
group_4583
group_4584
group_4585
group_4586
group_4587
group_4588
group_4589
group_4590
group_4591
group_4592
group_4593
group_4594
group_4595
group_4596
group_4597
group_4598
group_4600
group_4601
group_4602
group_4603
group_4604
group_4605
group_4606
group_4607
group_4608
group_4609
group_4610
group_4611
group_4612
group_4613
group_4614
group_4615
group_4616
group_4617
group_4618
group_4619
group_4620
group_4621
group_4622
group_4623
group_4624
group_4625
group_4626
group_4627
group_4628
group_4629
group_4630
group_4631
group_4632
group_4633
group_4634
group_4635
group_4636
group_4637
group_4639
group_4640
group_4641
group_4642
group_4643
group_4644
group_4645
group_4646
group_4647
group_4648
group_4649
group_4650
group_4651
group_4652
group_4653
group_4654
group_4655
group_4656
group_4657
group_4658
group_4659
group_4661
group_4663
group_4664
group_4665
group_4666
group_4667
group_4668
group_4671
group_4672
group_4673
group_4674
group_4675
group_4676
group_4677
group_4678
group_4679
group_4680
group_4681
group_4682
group_4683
group_4684
group_4685
group_4686
group_4687
group_4688
group_4689
group_4690
group_4691
group_4693
group_4694
group_4695
group_4696
group_4697
group_4698
group_4699
group_4701
group_4702
group_4703
group_4704
group_4705
group_4706
group_4707
group_4708
group_4709
group_4710
group_4711
group_4712
group_4713
group_4714
group_4715
group_4716
group_4717
group_4718
group_4719
group_4720
group_4721
group_4722
group_4723
group_4724
group_4725
group_4726
group_4727
group_4728
group_4729
group_4730
group_4731
group_4732
group_4733
group_4735
group_4736
group_4737
group_4739
group_4740
group_4741
group_4742
group_4743
group_4744
group_4745
group_4746
group_4748
group_4750
group_4751
group_4752
group_4754
group_4755
group_4757
group_4758
group_4759
group_4760
group_4761
group_4762
group_4763
group_4764
group_4765
group_4766
group_4767
group_4768
group_4769
group_4770
group_4771
group_4772
group_4773
group_4774
group_4775
group_4776
group_4777
group_4778
group_4779
group_4780
group_4781
group_4782
group_4783
group_4784
group_4785
group_4786
group_4787
group_4788
group_4789
group_4790
group_4791
group_4792
group_4794
group_4795
group_4796
group_4798
group_4799
group_4800
group_4801
group_4802
group_4803
group_4805
group_4806
group_4807
group_5141
group_5142
group_5143
group_5144
group_5145
group_5146
group_5147
group_5148
group_5150
group_5151
group_5152
group_5153
group_5154
group_5155
group_5156
group_5157
group_5158
group_5159
group_5160
group_5161
group_5162
group_5163
group_5164
group_5165
group_5166
group_5167
group_5168
group_5169
group_5170
group_5171
group_5172
group_5173
group_5174
group_5175
group_5176
group_5177
group_5178
group_5180
group_5182
group_5183
group_5185
group_5186
group_5187
group_5188
group_5189
group_5190
group_5191
group_5192
group_5193
group_5194
group_5195
group_5196
group_5197
group_5198
group_5199
group_5200
group_5201
group_5202
group_5203
group_5204
group_5206
group_5207
group_5208
group_5209
group_5210
group_5211
group_5212
group_5213
group_5214
group_5215
group_5216
group_5217
group_5218
group_5219
group_5220
group_5221
group_5222
group_5223
group_5224
group_5225
group_5226
group_5227
group_5228
group_5229
group_5230
group_5231
group_5232
group_5233
group_5234
group_5235
group_5236
group_5237
group_5238
group_5239
group_5240
group_5241
group_5242
group_5243
group_5244
group_5245
group_5246
group_5247
group_5248
group_5249
group_5250
group_5251
group_5252
group_5253
group_5254
group_5255
group_5256
group_5257
group_5259
group_5260
group_5261
group_5262
group_5263
group_5264
group_5265
group_5266
group_5267
group_5268
group_5269
group_5270
group_5272
group_5273
group_5274
group_5275
group_5276
group_5277
group_5278
group_5279
group_5280
group_5281
group_5282
group_5283
group_5284
group_5285
group_5286
group_5287
group_5288
group_5289
group_5290
group_5291
group_5292
group_5293
group_5294
group_5295
group_5296
group_5297
group_5298
group_5299
group_5300
group_5301
group_5302
group_5303
group_5304
group_5305
group_5306
group_5308
group_5309
group_5310
group_5311
group_5312
group_5313
group_5315
group_5316
group_5317
group_5318
group_5319
group_5320
group_5321
group_5322
group_5323
group_5324
group_5326
group_5327
group_5328
group_5329
group_5330
group_5332
group_5333
group_5334
group_5335
group_5337
group_5338
group_5339
group_5340
group_5341
group_5342
group_5343
group_5345
group_5346
group_5347
group_5348
group_5349
group_5350
group_5351
group_5352
group_5353
group_5354
group_5356
group_5357
group_5360
group_5361
group_5362
group_5363
group_5364
group_5365
group_5366
group_5368
group_5369
group_5370
group_5371
group_5372
group_5373
group_5374
group_5375
group_5376
group_5377
group_5380
group_5381
group_5382
group_5383
group_5384
group_5385
group_5386
group_5387
group_5388
group_5389
group_5390
group_5391
group_5392
group_5393
group_5394
group_5395
group_5396
group_5398
group_5399
group_5400
group_5401
group_5402
group_5403
group_5405
group_5406
group_5407
group_5408
group_5409
group_5410
group_5411
group_5412
group_5413
group_5414
group_5415
group_5416
group_5417
group_5419
group_5420
group_5421
group_5422
group_5423
group_5424
group_5425
group_5426
group_5427
group_5428
group_5429
group_5430
group_5431
group_5432
group_5433
group_5434
group_5906
group_5908
group_5909
group_5910
group_5911
group_5912
group_5913
group_5914
group_5915
group_5916
group_5917
group_5918
group_5919
group_5920
group_5921
group_5922
group_5924
group_5925
group_5926
group_5927
group_5928
group_5929
group_5930
group_5931
group_5933
group_5934
group_5935
group_5936
group_5937
group_5938
group_5939
group_5941
group_5942
group_5943
group_5944
group_5945
group_5946
group_5947
group_5948
group_5949
group_5950
group_5951
group_5952
group_5953
group_5954
group_5955
group_5956
group_5957
group_5958
group_5960
group_5961
group_5962
group_5963
group_5964
group_5965
group_5966
group_5967
group_5968
group_5969
group_5970
group_5971
group_5972
group_5973
group_5974
group_5976
group_5977
group_5979
group_5980
group_5981
group_5982
group_5983
group_5984
group_5985
group_5987
group_5988
group_5989
group_5990
group_5991
group_5992
group_5993
group_5994
group_5995
group_5996
group_5997
group_5998
group_5999
group_6000
group_6001
group_6002
group_6003
group_6004
group_6005
group_6006
group_6008
group_6009
group_6010
group_6011
group_6013
group_6014
group_6016
group_6017
group_6019
group_6020
group_6021
group_6022
group_6023
group_6024
group_6025
group_6026
group_6027
group_6028
group_6029
group_6031
group_6032
group_6033
group_6034
group_6035
group_6036
group_6037
group_6038
group_6039
group_6040
group_6041
group_6042
group_6043
group_6044
group_6045
group_6046
group_6047
group_6048
group_6049
group_6050
group_6051
group_6052
group_6053
group_6054
group_6055
group_6056
group_6057
group_6058
group_6059
group_6060
group_6061
group_6063
group_6064
group_6065
group_6066
group_6067
group_6068
group_6069
group_6071
group_6072
group_6073
group_6074
group_6075
group_6076
group_6077
group_6078
group_6079
group_6080
group_6081
group_6082
group_6083
group_6084
group_6085
group_6086
group_6087
group_6089
group_6090
group_6091
group_6092
group_6093
group_6094
group_6095
group_6096
group_6097
group_6098
group_6099
group_6100
group_6101
group_6102
group_6103
group_6104
group_6105
group_6106
group_6107
group_6108
group_6109
group_6110
group_6111
group_6112
group_6113
group_6114
group_6115
group_6116
group_6117
group_6118
group_6119
group_6120
group_6121
group_6122
group_6124
group_6125
group_6126
group_6127
group_6128
group_6130
group_6131
group_6132
group_6133
group_6134
group_6135
group_6136
group_6137
group_6138
group_6139
group_6141
group_6142
group_6143
group_6144
group_6145
group_6148
group_6149
group_6151
group_6152
group_6153
group_6154
group_6155
group_6156
group_6157
group_6158
group_6159
group_6161
group_6162
group_6163
group_6164
group_6165
group_6166
group_6167
group_6168
group_6169
group_6170
group_6171
group_6172
group_6174
group_6175
group_6176
group_6177
group_6178
group_6179
group_6180
group_6181
group_6182
group_6183
group_6184
group_6185
group_6186
group_6187
group_6188
group_6189
group_6190
group_6191
group_6192
group_6193
group_6194
group_6195
group_6196
group_6197
group_6198
group_6199
group_6200
group_6201
group_6202
group_6203
group_6204
group_6205
group_6206
group_6207
group_6208
group_6209
group_6210
group_6211
group_6212
group_6213
group_6214
group_6215
group_6216
group_6218
group_6219
group_6790
group_6791
group_6792
group_6793
group_6794
group_6795
group_6796
group_6797
group_6798
group_6799
group_6800
group_6801
group_6802
group_6803
group_6804
group_6805
group_6806
group_6807
group_6808
group_6809
group_6810
group_6811
group_6812
group_6813
group_6815
group_6816
group_6817
group_6818
group_6819
group_6820
group_6821
group_6822
group_6823
group_6824
group_6825
group_6826
group_6827
group_6828
group_6829
group_6830
group_6831
group_6832
group_6833
group_6834
group_6835
group_6836
group_6837
group_6838
group_6840
group_6841
group_6843
group_6844
group_6845
group_6846
group_6847
group_6848
group_6849
group_6850
group_6851
group_6852
group_6853
group_6854
group_6855
group_6856
group_6858
group_6859
group_6860
group_6861
group_6862
group_6863
group_6864
group_6865
group_6866
group_6867
group_6868
group_6869
group_6871
group_6873
group_6874
group_6876
group_6877
group_6879
group_6880
group_6881
group_6882
group_6883
group_6884
group_6885
group_6886
group_6887
group_6888
group_6889
group_6890
group_6891
group_6892
group_6893
group_6894
group_6895
group_6896
group_6897
group_6898
group_6899
group_6900
group_6901
group_6902
group_6903
group_6904
group_6906
group_6908
group_6909
group_6910
group_6911
group_6912
group_6914
group_6915
group_6916
group_6917
group_6919
group_6920
group_6921
group_6922
group_6923
group_6924
group_6927
group_6928
group_6929
group_6930
group_6931
group_6933
group_6934
group_6935
group_6936
group_6938
group_6939
group_6940
group_6941
group_6942
group_6943
group_6944
group_6945
group_6946
group_6948
group_6949
group_6950
group_6951
group_6952
group_6953
group_6954
group_6955
group_6956
group_6957
group_6958
group_6959
group_6960
group_6962
group_6963
group_6964
group_6965
group_6966
group_6967
group_6969
group_6970
group_6971
group_6972
group_6973
group_6974
group_6975
group_6976
group_6977
group_6979
group_6980
group_6981
group_6982
group_6983
group_6984
group_6985
group_6986
group_6987
group_6988
group_6989
group_6990
group_6991
group_6992
group_6993
group_6994
group_6995
group_6996
group_6997
group_6998
group_6999
group_7001
group_7002
group_7003
group_7005
group_7006
group_7007
group_7008
group_7009
group_7010
group_7011
group_7012
group_7013
group_7014
group_7015
group_7016
group_7017
group_7018
group_7019
group_7020
group_7022
group_7023
group_7024
group_7025
group_7026
group_7027
group_7028
group_7029
group_7030
group_7031
group_7032
group_7033
group_7034
group_7035
group_7036
group_7038
group_7039
group_7041
group_7044
group_7045
group_7046
group_7047
group_7048
group_7049
group_7050
group_7051
group_7052
group_7053
group_7054
group_7055
group_7056
group_7058
group_7059
group_7060
group_7061
group_7062
group_7063
group_7064
group_7065
group_7067
group_7068
group_7069
group_7070
group_7071
group_7072
group_7073
group_7074
group_7075
group_7076
group_7077
group_7078
group_7079
group_7080
group_7081
group_7082
group_7083
group_7084
group_7085
group_7086
group_7087
group_7088
group_7089
group_7090
group_7091
group_7092
group_7093
group_7094
group_7096
group_7097
group_7098
group_7099
group_7101
group_7102
group_7103
group_7104
group_7105
group_7106
group_7107
group_7108
group_7109
group_7110
group_7111
group_7112
group_7113
group_7114
group_7115
group_7116
group_7117
group_7118
group_7119
group_7120
group_7121
group_7122
group_7123
group_7124
group_7125
group_7126
group_7127
group_7128
group_7129
group_7130
group_7131
group_7132
group_7133
group_7134
group_7135
group_7136
group_7137
group_7138
group_7139
group_7140
group_7141
group_7142
group_7143
group_7144
group_7145
group_7146
group_7147
group_7148
group_7149
group_7150
group_7151
group_7152
group_7153
group_7154
group_7155
group_7156
group_7158
group_7159
group_7160
group_7161
group_7162
group_7163
group_7165
group_7166
group_7168
group_7169
group_7170
group_7171
group_7172
group_7173
group_7174
group_7175
group_7177
group_7178
group_7179
group_7181
group_7183
group_7184
group_7185
group_7186
group_7187
group_7188
group_7189
group_7190
group_7191
group_7192
group_7193
group_7195
group_7197
group_7198
group_7199
group_7200
group_7201
group_7202
group_7203
group_7204
group_7205
group_7989
group_7990
group_7991
group_7992
group_7993
group_7994
group_7995
group_7996
group_7997
group_7998
group_7999
group_8000
group_8001
group_8002
group_8003
group_8004
group_8005
group_8006
group_8007
group_8008
group_8009
group_8010
group_8012
group_8013
group_8015
group_8016
group_8017
group_8018
group_8019
group_8020
group_8021
group_8022
group_8023
group_8024
group_8025
group_8028
group_8029
group_8030
group_8031
group_8032
group_8033
group_8034
group_8035
group_8036
group_8037
group_8038
group_8039
group_8040
group_8041
group_8042
group_8043
group_8044
group_8045
group_8046
group_8047
group_8048
group_8049
group_8050
group_8051
group_8052
group_8053
group_8054
group_8055
group_8056
group_8057
group_8059
group_8060
group_8061
group_8062
group_8063
group_8064
group_8065
group_8066
group_8067
group_8068
group_8069
group_8070
group_8071
group_8073
group_8074
group_8075
group_8076
group_8077
group_8078
group_8079
group_8080
group_8081
group_8083
group_8084
group_8085
group_8086
group_8087
group_8088
group_8089
group_8090
group_8091
group_8092
group_8093
group_8094
group_8095
group_8096
group_8098
group_8099
group_8100
group_8101
group_8102
group_8103
group_8105
group_8106
group_8107
group_8108
group_8109
group_8110
group_8111
group_8112
group_8113
group_8114
group_8115
group_8116
group_8117
group_8118
group_8119
group_8120
group_8121
group_8122
group_8123
group_8124
group_8125
group_8126
group_8127
group_8128
group_8129
group_8130
group_8131
group_8132
group_8133
group_8134
group_8135
group_8136
group_8137
group_8138
group_8139
group_8140
group_8141
group_8142
group_8143
group_8144
group_8145
group_8146
group_8147
group_8148
group_8149
group_8150
group_8151
group_8152
group_8153
group_8154
group_8155
group_8156
group_8157
group_8158
group_8160
group_8161
group_8163
group_8164
group_8165
group_8166
group_8167
group_8169
group_8170
group_8171
group_8172
group_8173
group_8174
group_8175
group_8176
group_8178
group_8179
group_8180
group_8181
group_8182
group_8183
group_8184
group_8185
group_8186
group_8187
group_8188
group_8189
group_8190
group_8191
group_8192
group_8193
group_8194
group_8195
group_8196
group_8197
group_8198
group_8199
group_8200
group_8201
group_8203
group_8204
group_8205
group_8206
group_8207
group_8208
group_8210
group_8211
group_8212
group_8213
group_8214
group_8215
group_8216
group_8217
group_8218
group_8219
group_8220
group_8221
group_8222
group_8223
group_8224
group_8225
group_8226
group_8227
group_8229
group_8230
group_8231
group_8232
group_8233
group_8234
group_8236
group_8237
group_8238
group_8239
group_8240
group_8241
group_8242
group_8243
group_8244
group_8245
group_8246
group_8247
group_8248
group_8250
group_8251
group_8252
group_8253
group_8254
group_8255
group_8256
group_8257
group_8258
group_8259
group_8260
group_8261
group_8262
group_8263
group_8264
group_8265
group_8266
group_8267
group_8268
group_8269
group_8270
group_8271
group_8272
group_8273
group_8274
group_8275
group_8276
group_8277
group_8278
group_8280
group_8281
group_8282
group_8283
group_8285
group_8286
group_8287
group_8288
group_8289
group_8290
group_8291
group_8292
group_8293
group_8294
group_8295
group_8296
group_8297
group_8298
group_8300
group_8301
group_8302
group_8303
group_8304
group_8305
group_8306
group_8307
group_8308
group_8309
group_8310
group_8311
group_8312
group_8313
group_8314
group_8315
group_8316
group_8317
group_8318
group_8320
group_8321
group_8322
group_8323
group_8324
group_8325
group_8326
group_8327
group_8328
group_8329
group_8330
group_8331
group_8333
group_8334
group_8335
group_8336
group_8338
group_8339
group_8340
group_8341
group_8342
group_8345
group_8346
group_8347
group_8348
group_8349
group_8350
group_8351
group_8352
group_8353
group_8354
group_8355
group_8356
group_8357
group_8358
group_8359
group_8360
group_8362
group_8363
group_8365
group_8366
group_8367
group_8368
group_8369
group_8370
group_8371
group_8372
group_8373
group_8374
group_8375
group_8377
group_8378
group_8380
group_8381
group_8382
group_8383
group_8384
group_8385
group_8386
group_8388
group_8389
group_8390
group_8391
group_8392
group_8393
group_8394
group_8395
group_8396
group_8397
group_8398
group_8399
group_8400
group_8401
group_8402
group_8403
group_8405
group_8406
group_8407
group_8408
group_8409
group_8410
group_8411
group_8412
group_8414
group_8415
group_8416
group_8417
group_8418
group_8419
group_8420
group_8421
group_8422
group_8423
group_8424
group_8425
group_8426
group_8427
group_8428
group_8429
group_8430
group_8431
group_8432
group_8433
group_8434
group_8435
group_8436
group_8437
group_8438
group_8439
group_8440
group_8442
group_8443
group_8445
group_8446
group_8447
group_8448
group_8449
group_8450
group_8451
group_8452
group_8453
group_8454
group_8455
group_8456
group_8458
group_8459
group_8460
group_8461
group_8462
group_8463
group_8464
group_8465
group_8466
group_8467
group_8468
group_8469
group_8470
group_8472
group_8473
group_8474
group_8475
group_8476
group_8477
group_8479
group_8480
group_8481
group_8482
group_8483
group_8484
group_8485
group_8486
group_8487
group_8488
group_8489
group_8490
group_8491
group_8492
group_8493
group_8494
group_8495
group_8496
group_8498
group_8499
group_8500
group_8501
group_8502
group_8503
group_8504
group_8505
group_8506
group_8508
group_8509
group_8510
group_8511
group_8512
group_8514
group_8515
group_8516
group_8517
group_9632
group_9633
group_9634
group_9635
group_9636
group_9637
group_9638
group_9639
group_9640
group_9642
group_9643
group_9644
group_9645
group_9646
group_9647
group_9649
group_9650
group_9651
group_9652
group_9653
group_9654
group_9655
group_9656
group_9657
group_9658
group_9659
group_9660
group_9663
group_9664
group_9665
group_9666
group_9667
group_9668
group_9669
group_9670
group_9671
group_9672
group_9673
group_9674
group_9675
group_9676
group_9677
group_9678
group_9679
group_9680
group_9681
group_9682
group_9683
group_9684
group_9685
group_9686
group_9687
group_9688
group_9691
group_9693
group_9694
group_9695
group_9696
group_9697
group_9698
group_9699
group_9700
group_9701
group_9702
group_9703
group_9704
group_9705
group_9706
group_9707
group_9708
group_9709
group_9710
group_9711
group_9712
group_9713
group_9715
group_9716
group_9717
group_9719
group_9720
group_9721
group_9722
group_9723
group_9724
group_9725
group_9726
group_9727
group_9728
group_9729
group_9730
group_9731
group_9732
group_9733
group_9734
group_9735
group_9736
group_9737
group_9738
group_9739
group_9740
group_9741
group_9742
group_9743
group_9744
group_9745
group_9746
group_9747
group_9748
group_9749
group_9750
group_9751
group_9752
group_9753
group_9754
group_9756
group_9757
group_9758
group_9759
group_9760
group_9761
group_9762
group_9763
group_9764
group_9766
group_9767
group_9768
group_9769
group_9771
group_9772
group_9773
group_9774
group_9775
group_9776
group_9777
group_9778
group_9779
group_9781
group_9782
group_9784
group_9787
group_9788
group_9789
group_9790
group_9791
group_9792
group_9793
group_9794
group_9795
group_9796
group_9798
group_9799
group_9800
group_9802
group_9803
group_9804
group_9805
group_9806
group_9807
group_9808
group_9809
group_9810
group_9811
group_9812
group_9813
group_9814
group_9815
group_9816
group_9817
group_9818
group_9819
group_9820
group_9821
group_9822
group_9823
group_9824
group_9825
group_9826
group_9827
group_9828
group_9830
group_9831
group_9832
group_9833
group_9834
group_9835
group_9836
group_9837
group_9838
group_9839
group_9840
group_9841
group_9842
group_9843
group_9844
group_9845
group_9846
group_9847
group_9848
group_9849
group_9850
group_9851
group_9852
group_9853
group_9854
group_9855
group_9856
group_9857
group_9858
group_9859
group_9861
group_9862
group_9863
group_9864
group_9865
group_9866
group_9867
group_9868
group_9869
group_9870
group_9871
group_9872
group_9873
group_9874
group_9875
group_9876
group_9877
group_9878
group_9879
group_9880
group_9881
group_9882
group_9883
group_9884
group_9885
group_9886
group_9888
group_9889
group_9890
group_9891
group_9892
group_9893
group_9894
group_9895
group_9896
group_9897
group_9898
group_9899
group_9900
group_9901
group_9902
group_9903
group_9904
group_9905
group_9906
group_9907
group_9908
group_9909
group_9910
group_9911
group_9912
group_9913
group_9914
group_9915
group_9916
group_9917
group_9918
group_9919
group_9920
group_9921
group_9922
group_9923
group_9924
group_9925
group_9926
group_9927
group_9928
group_9929
group_9930
group_9931
group_9932
group_9933
group_9934
group_9935
group_9936
group_9939
group_9940
group_9941
group_9942
group_9943
group_9944
group_9945
group_9946
group_9947
group_9948
group_9950
group_9951
group_9952
group_9953
group_9954
group_9955
group_9956
group_9957
group_9958
group_9959
group_9960
group_9961
group_9962
group_9964
group_9965
group_9967
group_9968
group_9969
group_9970
group_9972
group_9973
group_9975
group_9977
group_9978
group_9979
group_9980
group_9981
group_9982
group_9984
group_9985
group_9987
group_9988
group_9990
group_9991
group_9992
group_9993
group_9994
group_9995
group_9996
group_9997
group_9998
group_9999
group_10000
group_10001
group_10003
group_10004
group_10005
group_10006
group_10007
group_10009
group_10010
group_10011
group_10012
group_10013
group_10014
group_10015
group_10016
group_10017
group_10019
group_10020
group_10021
group_10022
group_10023
group_10024
group_10025
group_10026
group_10027
group_10028
group_10029
group_10031
group_10032
group_10033
group_10034
group_10037
group_10038
group_10039
group_10041
group_10043
group_10044
group_10045
group_10046
group_10047
group_10048
group_10049
group_10050
group_10051
group_10052
group_10053
group_10054
group_10055
group_10057
group_10058
group_10059
group_10060
group_10061
group_10062
group_10063
group_10064
group_10066
group_10067
group_10068
group_10069
group_10071
group_10072
group_10073
group_10074
group_10075
group_10076
group_10077
group_10078
group_10079
group_10081
group_10082
group_10083
group_10084
group_10085
group_10086
group_10087
group_10088
group_10089
group_10091
group_10092
group_10094
group_10095
group_10096
group_10097
group_10098
group_10099
group_10100
group_10101
group_10102
group_10103
group_10105
group_10108
group_10109
group_10110
group_10111
group_10112
group_10113
group_10114
group_10118
group_10119
group_10120
group_10121
group_10122
group_10124
group_10125
group_10127
group_10128
group_10129
group_10131
group_10132
group_10133
group_10134
group_10135
group_10136
group_10137
group_10138
group_10139
group_10140
group_10141
group_10142
group_10143
group_10144
group_10145
group_10149
group_10150
group_10151
group_10152
group_10153
group_10155
group_10156
group_10157
group_10158
group_10159
group_10160
group_10161
group_10162
group_10164
group_10165
group_10166
group_10167
group_10168
group_10169
group_10170
group_10171
group_10172
group_10173
group_10174
group_10176
group_10177
group_10179
group_10180
group_10181
group_10182
group_10183
group_10185
group_10186
group_10188
group_10189
group_10190
group_10191
group_10192
group_10193
group_10194
group_10195
group_10196
group_10197
group_10199
group_10200
group_10201
group_10202
group_10203
group_10204
group_10205
group_10206
group_10207
group_10208
group_10209
group_10210
group_10211
group_10212
group_10213
group_10214
group_10215
group_10216
group_10218
group_10219
group_10220
group_10222
group_10223
group_10224
group_10225
group_10227
group_10228
group_10229
group_10230
group_10231
group_10232
group_10233
group_10234
group_10235
group_10236
group_10237
group_10238
group_10239
group_10240
group_10241
group_10242
group_10244
group_10245
group_10246
group_10247
group_10248
group_10249
group_10250
group_10251
group_10253
group_10254
group_10255
group_10256
group_10257
group_10258
group_10259
group_10260
group_10261
group_10262
group_10263
group_10264
group_10265
group_10266
group_10267
group_10269
group_10270
group_10271
group_10272
group_10273
group_10274
group_10275
group_10276
group_10277
group_10278
group_10280
group_10281
group_10283
group_10284
group_10285
group_10286
group_10287
group_10288
group_10289
group_10290
group_10291
group_10292
group_10293
group_10294
group_10295
group_10296
group_10297
group_10298
group_10299
group_10300
group_10301
group_10302
group_10303
group_10304
group_11670
group_11672
group_11673
group_11674
group_11675
group_11676
group_11678
group_11679
group_11680
group_11681
group_11682
group_11683
group_11684
group_11685
group_11686
group_11689
group_11690
group_11691
group_11692
group_11693
group_11694
group_11695
group_11696
group_11697
group_11698
group_11700
group_11701
group_11702
group_11703
group_11704
group_11705
group_11706
group_11707
group_11708
group_11709
group_11710
group_11712
group_11713
group_11714
group_11715
group_11716
group_11717
group_11720
group_11721
group_11723
group_11724
group_11726
group_11727
group_11728
group_11729
group_11730
group_11731
group_11732
group_11733
group_11734
group_11735
group_11736
group_11737
group_11738
group_11739
group_11740
group_11741
group_11742
group_11744
group_11745
group_11746
group_11747
group_11748
group_11749
group_11750
group_11751
group_11752
group_11753
group_11754
group_11756
group_11757
group_11758
group_11759
group_11760
group_11761
group_11763
group_11764
group_11765
group_11766
group_11767
group_11769
group_11770
group_11771
group_11772
group_11773
group_11774
group_11775
group_11776
group_11777
group_11778
group_11779
group_11780
group_11781
group_11782
group_11783
group_11784
group_11785
group_11786
group_11788
group_11789
group_11790
group_11791
group_11792
group_11794
group_11795
group_11796
group_11797
group_11801
group_11802
group_11803
group_11804
group_11805
group_11806
group_11807
group_11808
group_11809
group_11810
group_11811
group_11812
group_11813
group_11814
group_11815
group_11816
group_11817
group_11818
group_11820
group_11821
group_11824
group_11825
group_11826
group_11827
group_11829
group_11830
group_11831
group_11832
group_11835
group_11837
group_11838
group_11839
group_11841
group_11842
group_11843
group_11844
group_11845
group_11846
group_11847
group_11848
group_11849
group_11850
group_11852
group_11854
group_11855
group_11857
group_11858
group_11859
group_11860
group_11861
group_11862
group_11863
group_11864
group_11865
group_11866
group_11867
group_11868
group_11871
group_11872
group_11873
group_11874
group_11875
group_11876
group_11877
group_11878
group_11879
group_11881
group_11882
group_11883
group_11884
group_11885
group_11886
group_11887
group_11888
group_11889
group_11890
group_11891
group_11892
group_11893
group_11894
group_11895
group_11896
group_11897
group_11898
group_11899
group_11900
group_11901
group_11902
group_11903
group_11904
group_11905
group_11906
group_11909
group_11910
group_11911
group_11912
group_11913
group_11914
group_11915
group_11916
group_11917
group_11918
group_11919
group_11920
group_11921
group_11922
group_11923
group_11924
group_11925
group_11926
group_11927
group_11928
group_11929
group_11930
group_11932
group_11933
group_11934
group_11935
group_11936
group_11937
group_11938
group_11939
group_11940
group_11941
group_11942
group_11943
group_11944
group_11945
group_11946
group_11947
group_11948
group_11949
group_11950
group_11951
group_11952
group_11953
group_11954
group_11955
group_11956
group_11957
group_11958
group_11959
group_11960
group_11961
group_11962
group_11963
group_11964
group_11965
group_11966
group_11967
group_11968
group_11969
group_11970
group_11971
group_11973
group_11975
group_11976
group_11977
group_11978
group_11979
group_11980
group_11983
group_11984
group_11985
group_11986
group_11987
group_11988
group_11990
group_11991
group_11992
group_11993
group_11994
group_11995
group_11996
group_11997
group_11998
group_11999
group_12000
group_12001
group_12002
group_12003
group_12005
group_12006
group_12007
group_12008
group_12009
group_12010
group_12011
group_12012
group_12013
group_12015
group_12016
group_12018
group_12019
group_12021
group_12022
group_12023
group_12024
group_12025
group_12026
group_12027
group_12028
group_12032
group_12033
group_12035
group_12036
group_12037
group_12039
group_12043
group_12044
group_12045
group_12046
group_12047
group_12048
group_12049
group_12050
group_12051
group_12052
group_12053
group_12054
group_12055
group_12056
group_12057
group_12058
group_12059
group_12060
group_12061
group_12062
group_12063
group_12064
group_12065
group_12066
group_12067
group_12068
group_12069
group_12070
group_12071
group_12072
group_12073
group_12074
group_12075
group_12076
group_12077
group_12078
group_12079
group_12080
group_12081
group_12082
group_12083
group_12084
group_12085
group_12086
group_12087
group_12090
group_12091
group_12092
group_12093
group_12094
group_12096
group_12097
group_12098
group_12099
group_12100
group_12101
group_12102
group_12103
group_12104
group_12105
group_12106
group_12107
group_12108
group_12109
group_12110
group_12111
group_12112
group_12113
group_12114
group_12115
group_12116
group_12117
group_12119
group_12120
group_12121
group_12122
group_12125
group_12126
group_12127
group_12129
group_12131
group_12132
group_12133
group_12134
group_12135
group_12136
group_12137
group_12138
group_12139
group_12140
group_12141
group_12142
group_12143
group_12144
group_12145
group_12146
group_12147
group_12148
group_12149
group_12150
group_12152
group_12153
group_12154
group_12155
group_12156
group_12157
group_12158
group_12159
group_12160
group_12161
group_12163
group_12164
group_12165
group_12166
group_12167
group_12168
group_12169
group_12172
group_12173
group_12174
group_12175
group_12177
group_12178
group_12179
group_12180
group_12181
group_12183
group_12185
group_12186
group_12187
group_12188
group_12190
group_12191
group_12192
group_12193
group_12194
group_12196
group_12197
group_12198
group_12199
group_12200
group_12201
group_12202
group_12203
group_12204
group_12205
group_12206
group_12207
group_12210
group_12211
group_12212
group_12213
group_12214
group_12216
group_12217
group_12218
group_12221
group_12223
group_12224
group_12225
group_12226
group_12227
group_12228
group_12229
group_12230
group_12231
group_12232
group_12233
group_12234
group_12235
group_12236
group_12237
group_12238
group_12239
group_12240
group_12241
group_12242
group_12243
group_12244
group_12245
group_12246
group_12247
group_12248
group_12249
group_12254
group_12255
group_12256
group_12257
group_12259
group_12260
group_12261
group_12262
group_12263
group_12264
group_12265
group_12266
group_12267
group_12269
group_12270
group_12271
group_12272
group_12273
group_12274
group_12275
group_12276
group_12277
group_12278
group_12279
group_12280
group_12281
group_12282
group_12283
group_12284
group_12285
group_12286
group_12289
group_12290
group_12291
group_12293
group_12294
group_12295
group_12296
group_12297
group_12298
group_12300
group_12301
group_12302
group_12303
group_12304
group_12305
group_12306
group_12307
group_12308
group_12309
group_12310
group_12311
group_12312
group_12313
group_12314
group_12315
group_12316
group_12317
group_12318
group_12319
group_12320
group_12321
group_12322
group_12323
group_12324
group_12325
group_12326
group_12328
group_12329
group_12331
group_12332
group_12333
group_12335
group_12336
group_12337
group_12338
group_12339
group_12340
group_12341
group_12342
group_12343
group_12345
group_12346
group_12347
group_12348
group_12349
group_12352
group_12355
group_12356
group_12357
group_12358
group_12359
group_12360
group_12361
group_12362
group_12364
group_12365
group_12366
group_12369
group_12370
group_12371
group_12372
group_12373
group_12374
group_12375
group_12376
group_12377
group_12378
group_12379
group_12380
group_12381
group_12382
group_12384
group_12385
group_12386
group_12387
group_12388
group_12389
group_12391
group_12392
group_12393
group_12394
group_12395
group_12397
group_12398
group_12400
group_12401
group_12402
group_12403
group_12404
group_12405
group_12406
group_12407
group_12408
group_12409
group_12410
group_12411
group_12412
group_12413
group_12414
group_12415
group_12416
group_12417
group_12418
group_12419
group_12420
group_12421
group_12422
group_12423
group_12424
group_12425
group_12426
group_12427
group_12428
group_12429
group_12430
group_12432
group_12433
group_12434
group_12435
group_12436
group_12437
group_12438
group_12439
group_12440
group_12441
group_12442
group_12443
group_12444
group_12445
group_12446
group_12447
group_12448
group_12449
group_12450
group_12451
group_12452
group_12453
group_12454
group_12455
group_12456
group_12457
group_12458
group_12459
group_12460
group_12461
group_12462
group_12463
group_12464
group_12465
group_12466
group_12467
group_12468
group_12469
group_12470
group_12471
group_12472
group_12473
group_12474
group_12475
group_12476
group_12477
group_12479
group_12480
group_12481
group_12482
group_12483
group_12484
group_12488
group_12489
group_12490
group_12492
group_12493
group_12494
group_12495
group_12496
group_12497
group_12498
group_12500
group_12501
group_12502
group_12503
group_12504
group_12505
group_12507
group_12510
group_12511
group_12513
group_12514
group_12516
group_12517
group_12518
group_12519
group_12520
group_12521
group_12522
group_12523
group_12524
group_12525
group_12526
group_12527
group_12528
group_12530
group_12531
group_14583
group_14584
group_14585
group_14587
group_14588
group_14589
group_14590
group_14591
group_14592
group_14593
group_14594
group_14595
group_14596
group_14597
group_14598
group_14599
group_14600
group_14601
group_14602
group_14603
group_14604
group_14605
group_14607
group_14608
group_14609
group_14610
group_14611
group_14612
group_14613
group_14614
group_14615
group_14616
group_14617
group_14618
group_14619
group_14620
group_14621
group_14622
group_14623
group_14625
group_14626
group_14627
group_14628
group_14629
group_14631
group_14632
group_14633
group_14635
group_14636
group_14637
group_14638
group_14639
group_14640
group_14641
group_14642
group_14643
group_14644
group_14645
group_14648
group_14649
group_14650
group_14651
group_14652
group_14653
group_14654
group_14655
group_14656
group_14657
group_14658
group_14659
group_14660
group_14661
group_14663
group_14664
group_14665
group_14667
group_14668
group_14669
group_14670
group_14671
group_14672
group_14673
group_14674
group_14675
group_14676
group_14678
group_14679
group_14680
group_14681
group_14682
group_14683
group_14684
group_14685
group_14686
group_14687
group_14688
group_14689
group_14690
group_14691
group_14692
group_14693
group_14694
group_14696
group_14697
group_14698
group_14699
group_14701
group_14702
group_14704
group_14705
group_14706
group_14707
group_14708
group_14709
group_14710
group_14712
group_14713
group_14714
group_14716
group_14717
group_14719
group_14720
group_14721
group_14722
group_14723
group_14724
group_14725
group_14726
group_14728
group_14730
group_14731
group_14732
group_14733
group_14735
group_14736
group_14737
group_14738
group_14739
group_14740
group_14741
group_14742
group_14743
group_14744
group_14745
group_14746
group_14748
group_14749
group_14750
group_14751
group_14752
group_14753
group_14754
group_14755
group_14756
group_14757
group_14759
group_14760
group_14761
group_14765
group_14766
group_14767
group_14768
group_14769
group_14770
group_14772
group_14774
group_14775
group_14776
group_14777
group_14778
group_14779
group_14780
group_14782
group_14783
group_14784
group_14785
group_14786
group_14787
group_14788
group_14789
group_14790
group_14792
group_14793
group_14794
group_14795
group_14796
group_14797
group_14798
group_14799
group_14800
group_14802
group_14803
group_14804
group_14805
group_14807
group_14808
group_14809
group_14810
group_14811
group_14812
group_14813
group_14814
group_14815
group_14816
group_14817
group_14818
group_14820
group_14821
group_14824
group_14825
group_14826
group_14827
group_14828
group_14829
group_14831
group_14832
group_14833
group_14834
group_14835
group_14836
group_14837
group_14838
group_14839
group_14840
group_14841
group_14842
group_14843
group_14844
group_14845
group_14846
group_14847
group_14848
group_14849
group_14850
group_14851
group_14852
group_14853
group_14854
group_14855
group_14856
group_14857
group_14858
group_14859
group_14860
group_14861
group_14862
group_14863
group_14864
group_14865
group_14866
group_14867
group_14868
group_14870
group_14871
group_14872
group_14873
group_14874
group_14875
group_14876
group_14877
group_14878
group_14879
group_14881
group_14882
group_14883
group_14884
group_14885
group_14886
group_14889
group_14892
group_14893
group_14894
group_14895
group_14896
group_14897
group_14899
group_14901
group_14902
group_14903
group_14904
group_14905
group_14908
group_14909
group_14910
group_14911
group_14912
group_14913
group_14914
group_14915
group_14916
group_14917
group_14918
group_14919
group_14920
group_14921
group_14922
group_14923
group_14924
group_14925
group_14927
group_14928
group_14929
group_14931
group_14932
group_14933
group_14934
group_14935
group_14936
group_14937
group_14938
group_14939
group_14940
group_14941
group_14942
group_14943
group_14944
group_14946
group_14947
group_14948
group_14949
group_14950
group_14951
group_14952
group_14953
group_14954
group_14955
group_14956
group_14957
group_14958
group_14959
group_14960
group_14961
group_14962
group_14963
group_14964
group_14965
group_14967
group_14968
group_14969
group_14970
group_14972
group_14973
group_14974
group_14975
group_14976
group_14978
group_14979
group_14980
group_14981
group_14982
group_14983
group_14984
group_14985
group_14986
group_14988
group_14990
group_14991
group_14992
group_14993
group_14994
group_14996
group_14997
group_14998
group_14999
group_15000
group_15001
group_15004
group_15005
group_15006
group_15007
group_15008
group_15009
group_15011
group_15012
group_15013
group_15014
group_15015
group_15016
group_15017
group_15019
group_15020
group_15022
group_15023
group_15024
group_15025
group_15026
group_15027
group_15028
group_15029
group_15030
group_15032
group_15033
group_15034
group_15036
group_15037
group_15038
group_15039
group_15040
group_15041
group_15043
group_15044
group_15045
group_15046
group_15047
group_15048
group_15049
group_15050
group_15052
group_15053
group_15054
group_15055
group_15056
group_15057
group_15058
group_15059
group_15060
group_15061
group_15063
group_15064
group_15065
group_15066
group_15067
group_15068
group_15070
group_15071
group_15072
group_15073
group_15075
group_15076
group_15077
group_15079
group_15080
group_15081
group_15082
group_15083
group_15084
group_15085
group_15086
group_15087
group_15088
group_15089
group_15090
group_15092
group_15093
group_15094
group_15095
group_15096
group_15097
group_15098
group_15099
group_15100
group_15101
group_15104
group_15105
group_15106
group_15107
group_15108
group_15109
group_15110
group_15111
group_15113
group_15116
group_15117
group_15118
group_15122
group_15123
group_15124
group_15126
group_15127
group_15128
group_15129
group_15130
group_15131
group_15133
group_15135
group_15137
group_15138
group_15139
group_15140
group_15141
group_15142
group_15143
group_15144
group_15145
group_15146
group_15147
group_15148
group_15149
group_15150
group_15153
group_15155
group_15156
group_15157
group_15158
group_15159
group_15160
group_15161
group_15162
group_15164
group_15165
group_15167
group_15168
group_15169
group_15170
group_15171
group_15172
group_15173
group_15174
group_15175
group_15176
group_15177
group_15178
group_15179
group_15180
group_15181
group_15182
group_15184
group_15185
group_15186
group_15187
group_15188
group_15190
group_15191
group_15192
group_15195
group_15197
group_15198
group_15199
group_15200
group_15201
group_15202
group_15203
group_15205
group_15206
group_15207
group_15208
group_15209
group_15210
group_15211
group_15213
group_15214
group_15215
group_15216
group_15217
group_15218
group_15219
group_15220
group_15221
group_15222
group_15223
group_15224
group_15225
group_15226
group_15228
group_15230
group_15231
group_15233
group_15234
group_15235
group_15236
group_15237
group_15238
group_15239
group_15242
group_15243
group_15244
group_15245
group_15246
group_15247
group_15248
group_15250
group_15251
group_15253
group_15254
group_15255
group_15256
group_15257
group_15258
group_15260
group_15261
group_15263
group_15264
group_15265
group_15266
group_15267
group_15268
group_15269
group_15270
group_15271
group_15272
group_15274
group_15275
group_15276
group_15277
group_15278
group_15279
group_15280
group_15282
group_15283
group_15284
group_15285
group_15286
group_15287
group_15288
group_15289
group_15291
group_15292
group_15294
group_15295
group_15296
group_15298
group_15299
group_15300
group_15301
group_15302
group_15303
group_15305
group_15307
group_15308
group_15309
group_15311
group_15312
group_15313
group_15316
group_15319
group_15321
group_15322
group_15323
group_15324
group_15325
group_15326
group_15327
group_15328
group_15329
group_15330
group_15331
group_15332
group_15333
group_15334
group_15335
group_15336
group_15338
group_15339
group_15340
group_15341
group_15342
group_15343
group_15344
group_15345
group_15346
group_15347
group_15349
group_15351
group_15352
group_15353
group_15354
group_15355
group_15356
group_15357
group_15358
group_15359
group_15360
group_15361
group_15362
group_15363
group_15364
group_15365
group_15366
group_15367
group_15368
group_15369
group_15370
group_15372
group_15373
group_15374
group_15375
group_15377
group_15378
group_15379
group_15380
group_15381
group_15382
group_15383
group_15384
group_15385
group_15386
group_15387
group_15389
group_15390
group_15391
group_15392
group_15394
group_15395
group_15396
group_15397
group_15398
group_15399
group_15400
group_15401
group_15403
group_15406
group_15407
group_15408
group_15409
group_15410
group_15411
group_15412
group_15413
group_15414
group_15415
group_15416
group_15417
group_15418
group_15419
group_15420
group_15421
group_15424
group_15425
group_15426
group_15427
group_15428
group_15429
group_15430
group_15431
group_15432
group_15433
group_15435
group_15436
group_15437
group_15438
group_15439
group_15441
group_15442
group_15443
group_15444
group_15445
group_15446
group_15447
group_15448
group_15449
group_15450
group_15451
group_15452
group_15455
group_15456
group_15457
group_15458
group_15459
group_15460
group_15461
group_15462
group_15463
group_15464
group_15465
group_15466
group_15467
group_15468
group_15469
group_15470
group_15471
group_15472
group_15473
group_15474
group_15475
group_15476
group_15477
group_15478
group_15479
group_15480
group_15481
group_15482
group_15483
group_15484
group_15485
group_15486
group_15487
group_15488
group_15489
group_15490
group_15491
group_15493
group_15494
group_15495
group_15496
group_15498
group_15500
group_15501
group_15502
group_15504
group_15505
group_15506
group_15507
group_15508
group_15509
group_15510
group_15511
group_15512
group_15513
group_15514
group_15516
group_15517
group_15520
group_15521
group_15522
group_15523
group_15524
group_15525
group_15526
group_15527
group_15528
group_15529
group_15530
group_15533
group_15534
group_15535
group_15536
group_15537
group_15538
group_15540
group_15542
group_15543
group_15544
group_15545
group_15546
group_15547
group_15548
group_15549
group_15551
group_15553
group_15555
group_15556
group_15558
group_15559
group_15560
group_15561
group_15562
group_15563
group_15564
group_15565
group_15566
group_15567
group_15568
group_15569
group_15570
group_15571
group_15572
group_15573
group_15575
group_15576
group_15578
group_15579
group_15580
group_15581
group_15582
group_15583
group_15584
group_15585
group_15586
group_15587
group_15588
group_15589
group_15590
group_15591
group_15592
group_15593
group_15594
group_15595
group_15596
group_15597
group_15598
group_15599
group_15600
group_15602
group_15603
group_15604
group_15605
group_15606
group_15607
group_15609
group_15610
group_15612
group_15613
group_15614
group_15616
group_15618
group_15619
group_15620
group_15621
group_15622
group_15623
group_15624
group_15625
group_15627
group_15628
group_15629
group_15631
group_15632
group_15633
group_15634
group_15635
group_15636
group_15637
group_15639
group_15640
group_15643
group_15644
group_15647
group_15648
group_15649
group_15650
group_18762
group_18764
group_18765
group_18766
group_18768
group_18769
group_18770
group_18771
group_18772
group_18774
group_18775
group_18776
group_18778
group_18779
group_18783
group_18785
group_18786
group_18787
group_18790
group_18791
group_18794
group_18797
group_18800
group_18801
group_18802
group_18803
group_18804
group_18805
group_18808
group_18809
group_18810
group_18811
group_18812
group_18813
group_18814
group_18820
group_18822
group_18823
group_18824
group_18826
group_18828
group_18830
group_18835
group_18836
group_18837
group_18838
group_18841
group_18843
group_18844
group_18847
group_18849
group_18851
group_18856
group_18857
group_18858
group_18859
group_18861
group_18862
group_18864
group_18866
group_18870
group_18871
group_18873
group_18875
group_18876
group_18877
group_18878
group_18879
group_18881
group_18883
group_18887
group_18888
group_18889
group_18890
group_18892
group_18893
group_18894
group_18895
group_18896
group_18898
group_18899
group_18900
group_18901
group_18903
group_18904
group_18905
group_18906
group_18907
group_18909
group_18910
group_18911
group_18912
group_18913
group_18914
group_18916
group_18917
group_18920
group_18929
group_18930
group_18931
group_18932
group_18933
group_18937
group_18938
group_18939
group_18941
group_18942
group_18943
group_18944
group_18945
group_18946
group_18948
group_18949
group_18951
group_18952
group_18954
group_18958
group_18959
group_18961
group_18963
group_18964
group_18967
group_18968
group_18969
group_18970
group_18971
group_18973
group_18975
group_18978
group_18979
group_18981
group_18982
group_18983
group_18984
group_18985
group_18988
group_18989
group_18990
group_18992
group_18993
group_18994
group_18996
group_18997
group_18998
group_18999
group_19000
group_19003
group_19005
group_19006
group_19007
group_19008
group_19009
group_19011
group_19012
group_19014
group_19020
group_19024
group_19025
group_19027
group_19028
group_19029
group_19031
group_19032
group_19035
group_19037
group_19040
group_19041
group_19043
group_19045
group_19047
group_19048
group_19049
group_19050
group_19051
group_19052
group_19053
group_19054
group_19057
group_19060
group_19062
group_19063
group_19064
group_19065
group_19066
group_19067
group_19068
group_19071
group_19072
group_19073
group_19074
group_19075
group_19076
group_19079
group_19080
group_19081
group_19085
group_19087
group_19088
group_19089
group_19090
group_19091
group_19092
group_19093
group_19094
group_19095
group_19096
group_19097
group_19099
group_19100
group_19101
group_19102
group_19103
group_19104
group_19105
group_19108
group_19109
group_19110
group_19111
group_19112
group_19113
group_19114
group_19118
group_19120
group_19122
group_19123
group_19126
group_19127
group_19128
group_19129
group_19130
group_19131
group_19132
group_19134
group_19137
group_19138
group_19139
group_19140
group_19141
group_19142
group_19143
group_19144
group_19145
group_19147
group_19148
group_19149
group_19150
group_19152
group_19154
group_19156
group_19157
group_19161
group_19162
group_19163
group_19167
group_19168
group_19170
group_19172
group_19173
group_19175
group_19178
group_19179
group_19180
group_19181
group_19184
group_19187
group_19188
group_19192
group_19195
group_19197
group_19198
group_19199
group_19200
group_19201
group_19205
group_19208
group_19210
group_19211
group_19212
group_19214
group_19219
group_19220
group_19222
group_19223
group_19225
group_19226
group_19227
group_19230
group_19232
group_19233
group_19234
group_19235
group_19236
group_19237
group_19238
group_19240
group_19243
group_19244
group_19246
group_19248
group_19249
group_19254
group_19255
group_19257
group_19258
group_24578
group_24579
group_24580
group_24581
group_24582
group_24583
group_24584
group_24586
group_24589
group_24590
group_24591
group_24592
group_24593
group_24594
group_24596
group_24599
group_24601
group_24602
group_24605
group_24606
group_24607
group_24608
group_24609
group_24610
group_24613
group_24615
group_24616
group_24617
group_24618
group_24619
group_24620
group_24621
group_24622
group_24623
group_24624
group_24625
group_24626
group_24627
group_24628
group_24630
group_24631
group_24632
group_24633
group_24636
group_24637
group_24638
group_24639
group_24642
group_24643
group_24644
group_24645
group_24646
group_24647
group_24649
group_24651
group_24652
group_24654
group_24658
group_24661
group_24662
group_24663
group_24668
group_24669
group_24672
group_24675
group_24677
group_24679
group_24680
group_24681
group_24682
group_24683
group_24689
group_24690
group_24692
group_24693
group_24695
group_24696
group_24698
group_24699
group_24701
group_24702
group_24703
group_24704
group_24705
group_24707
group_24709
group_24711
group_24713
group_24715
group_24716
group_24717
group_24720
group_24721
group_24722
group_24723
group_24724
group_24726
group_24727
group_24728
group_24729
group_24730
group_24731
group_24732
group_24733
group_24734
group_24735
group_24737
group_24738
group_24739
group_24740
group_24741
group_24742
group_24743
group_24744
group_24745
group_24746
group_24747
group_24749
group_24753
group_24754
group_24755
group_24756
group_24757
group_24759
group_24760
group_24761
group_24766
group_24767
group_24768
group_24769
group_24770
group_24772
group_24775
group_24776
group_24778
group_24779
group_24781
group_24783
group_24785
group_24786
group_24787
group_24789
group_24791
group_24794
group_24797
group_24798
group_24799
group_24800
group_24801
group_24802
group_24804
group_24807
group_24808
group_24809
group_24816
group_24817
group_24818
group_24819
group_24822
group_24824
group_24825
group_24826
group_24827
group_24829
group_24830
group_24831
group_24834
group_24835
group_24841
group_24842
group_24843
group_24844
group_24846
group_24848
group_24850
group_24851
group_24853
group_24854
group_24855
group_24857
group_24860
group_24862
group_24863
group_24865
group_24869
group_24870
group_24871
group_24872
group_24873
group_24874
group_24876
group_24877
group_24878
group_24879
group_24880
group_24881
group_24882
group_24883
group_24884
group_24885
group_24887
group_24891
group_24892
group_24893
group_24894
group_24895
group_24899
group_24901
group_24902
group_24903
group_24904
group_24905
group_24909
group_24914
group_24916
group_24917
group_24919
group_24921
group_24922
group_24923
group_24924
group_24925
group_24926
group_24927
group_24929
group_24930
group_24932
group_24933
group_24935
group_24938
group_24940
group_24943
group_24947
group_24948
group_24949
group_24950
group_24952
group_24953
group_24954
group_24959
group_24963
group_24964
group_24966
group_24967
group_24970
group_24971
group_24972
group_24974
group_24975
group_24977
group_24979
group_24981
group_24982
group_24983
group_24985
group_24986
group_24987
group_24988
group_24989
group_24990
group_24991
group_24993
group_24994
group_24995
group_24996
group_24997
group_24998
group_24999
group_25000
group_25001
group_25002
group_25004
group_25006
group_25007
group_25008
group_25009
group_25010
group_25011
group_25014
group_25015
group_25016
group_25019
group_25020
group_25022
group_25023
group_25024
group_25025
group_25026
group_25027
group_25028
group_25029
group_25030
group_25031
group_25032
group_25034
group_25035
group_25036
group_25037
group_25039
group_25040
group_25042
group_25043
group_25044
group_25045
group_25047
group_25049
group_25050
group_25051
group_25052
group_25053
group_25057
group_25058
group_25059
group_25060
group_25062
group_25063
group_25064
group_25067
group_25069
group_25070
group_25071
group_25072
group_25076
group_25077
group_25080
group_25081
group_25082
group_25083
group_25084
group_25085
group_25087
group_25088
group_25090
group_25092
group_25094
group_25095
group_25096
group_25097
group_25099
group_25100
group_25101
group_25102
group_25104
group_25105
group_25106
group_25107
group_25111
group_25112
group_25113
group_25115
group_25116
group_25117
group_25118
group_25119
group_25120
group_25121
group_25122
group_25123
group_25124
group_25125
group_25126
group_25127
group_25128
group_25129
group_25131
group_25134
group_25135
group_25136
group_25137
group_25138
group_25140
group_25143
group_25144
group_25145
group_25146
group_25147
group_25148
group_25151
group_25153
group_25154
group_25155
group_25156
group_25157
group_25158
group_25159
group_25160
group_25161
group_25165
group_25166
group_25167
group_25168
group_25170
group_25171
group_25172
group_25173
group_25174
group_25176
group_25177
group_25178
group_25181
group_25182
group_25185
group_25190
group_25191
group_25192
group_25194
group_25195
group_25196
group_25197
group_25198
group_25200
group_25201
group_25202
group_25203
group_25204
group_25207
group_25208
group_25209
group_25210
group_25213
group_25215
group_25216
group_25218
group_25219
group_25220
group_25223
group_25226
group_25227
group_25229
group_25230
group_25231
group_25233
group_25234
group_25239
group_25240
group_25241
group_25242
group_25244
group_25245
group_25251
group_25252
group_25253
group_25254
group_25255
group_25257
group_25260
group_25261
group_25262
group_25267
group_25268
group_25269
group_25270
group_25272
group_34561
group_34565
group_34567
group_34568
group_34572
group_34573
group_34575
group_34577
group_34578
group_34579
group_34594
group_34595
group_34598
group_34600
group_34601
group_34602
group_34606
group_34607
group_34608
group_34609
group_34610
group_34612
group_34613
group_34616
group_34622
group_34623
group_34624
group_34627
group_34631
group_34636
group_34638
group_34644
group_34645
group_34647
group_34648
group_34649
group_34651
group_34653
group_34656
group_34657
group_34660
group_34662
group_34665
group_34666
group_34670
group_34671
group_34672
group_34673
group_34680
group_34682
group_34683
group_34686
group_34687
group_34688
group_34689
group_34698
group_34704
group_34705
group_34707
group_34710
group_34712
group_34723
group_34724
group_34726
group_34728
group_34729
group_34734
group_34738
group_34743
group_34744
group_34747
group_34753
group_34755
group_34756
group_34761
group_34765
group_34769
group_34771
group_34774
group_34775
group_34777
group_34778
group_34781
group_34784
group_34789
group_34790
group_34792
group_34793
group_34794
group_34795
group_34796
group_34798
group_34800
group_34801
group_34803
group_34804
group_34805
group_34806
group_34810
group_34811
group_34815
group_34816
group_34817
group_34819
group_34821
group_34823
group_34826
group_34829
group_34833
group_34836
group_34839
group_34841
group_34842
group_34843
group_34844
group_34847
group_34849
group_34850
group_34852
group_34853
group_34854
group_34861
group_34864
group_34869
group_34870
group_34871
group_34876
group_34877
group_34882
group_34888
group_34890
group_34893
group_34894
group_34896
group_34898
group_34899
group_34900
group_34901
group_34902
group_34903
group_34904
group_34906
group_34908
group_34909
group_34910
group_34914
group_34915
group_34916
group_34917
group_34918
group_34922
group_34923
group_34927
group_34928
group_34930
group_34931
group_34933
group_34935
group_34936
group_34940
group_34941
group_34943
group_34945
group_34947
group_34949
group_34950
group_34951
group_34953
group_34954
group_34956
group_34961
group_34965
group_34966
group_34970
group_34971
group_34972
group_34973
group_34974
group_34980
group_34986
group_34987
group_34988
group_34990
group_34991
group_34994
group_34995
group_34996
group_34998
group_35002
group_35003
group_35006
group_35008
group_35011
group_35021
group_35023
group_35024
group_35025
group_35030
group_35033
group_35035
group_35038
group_35039
group_35040
group_35044
group_35049
group_35050
group_35056
group_35060
group_35062
group_35064
group_35068
group_35069
group_35070
group_35072
group_35074
group_35077
group_35078
group_35079
group_35081
group_35083
group_35084
group_35086
group_35088
group_35091
group_35092
group_35093
group_35094
group_35095
group_35099
group_35100
group_35102
group_35103
group_35104
group_35106
group_35109
group_35114
group_35121
group_35125
group_35127
group_35128
group_35131
group_35136
group_35139
group_35141
group_35143
group_35148
group_35151
group_35154
group_35155
group_35159
group_35164
group_35165
group_35166
group_35167
group_35172
group_35173
group_35175
group_35178
group_35179
group_35183
group_35184
group_35185
group_35186
group_35188
group_35190
group_35195
group_35196
group_35198
group_35199
group_35207
group_35214
group_35215
group_35216
group_35217
group_35218
group_35219
group_35223
group_35225
group_35227
group_35229
group_35230
group_35231
group_35232
group_35235
group_35237
group_35238
group_35240
group_35241
group_35243
group_35246
group_35247
group_35249
group_35250
group_35251
group_35253
group_35255
group_35261
group_35265
group_35270
group_35272
group_35273
group_35278
group_35279
group_35280
group_35282
group_35283
group_35284
group_35286
group_35287
group_35292
group_35293
group_35295
group_35298
group_35302
group_35304
group_35309

================================ End : ortho_perg_seq() ================================

